<?xml version="1.0" encoding="UTF-8"?>
<testsuite name="VendingMachineTestCase" tests="6" skipped="0" failures="0" errors="0" timestamp="2021-04-27T23:08:58" hostname="LTUS148695" time="0.07">
  <properties/>
  <testcase name="testAddItem()" classname="VendingMachineTestCase" time="0.052"/>
  <testcase name="testDepositBalance()" classname="VendingMachineTestCase" time="0.003"/>
  <testcase name="testWithdraw()" classname="VendingMachineTestCase" time="0.001"/>
  <testcase name="testGetBalance()" classname="VendingMachineTestCase" time="0.001"/>
  <testcase name="testWithdrawGreaterThanBalance()" classname="VendingMachineTestCase" time="0.004"/>
  <testcase name="checkEmptyVendingMachine()" classname="VendingMachineTestCase" time="0.001"/>
  <system-out><![CDATA[]]></system-out>
  <system-err><![CDATA[]]></system-err>
</testsuite>
